<?xml version="1.0" encoding="UTF-8"?>
<!-- Generated by org.testng.reporters.JUnitReportReporter -->
<testsuite hostname="DESKTOP-5EVK54D" failures="0" tests="1" name="runners.LoginWithDataRunner" time="0.345" errors="0" timestamp="2023-08-24T08:25:20 IST" skipped="0">
  <testcase classname="runners.LoginWithDataRunner" name="runScenario" time="0.345"/>
  <system-out/>
</testsuite> <!-- runners.LoginWithDataRunner -->
