<?xml version="1.0" encoding="UTF-8"?>
<!-- Generated by org.testng.reporters.JUnitReportReporter -->
<testsuite hostname="DESKTOP-5EVK54D" failures="0" tests="2" name="runners.LoginRunner" time="0.288" errors="0" timestamp="2023-08-24T07:10:28 IST" skipped="0">
  <testcase classname="runners.LoginRunner" name="runScenario" time="0.262"/>
  <system-out/>
  <testcase classname="runners.LoginRunner" name="runScenario" time="0.026"/>
  <system-out/>
</testsuite> <!-- runners.LoginRunner -->
