<?xml version="1.0" encoding="UTF-8"?>
<!-- Generated by org.testng.reporters.JUnitReportReporter -->
<testsuite hostname="Deepak" failures="0" tests="1" name="Practice.Get_Method" time="9.569" errors="0" timestamp="2023-09-14T21:15:13 IST" skipped="0">
  <testcase classname="Practice.Get_Method" name="Get_method_User" time="9.569"/>
</testsuite> <!-- Practice.Get_Method -->
